<?xml version="1.0" encoding="UTF-8"?>
<!-- Generated by org.testng.reporters.JUnitXMLReporter -->
<testsuite hostname="PC201609301300" tests="7" failures="0" timestamp="2 May 2018 06:56:51 GMT" time="0.032" errors="0">
  <testcase name="testAbs" time="0.008" classname="AbsTest"/>
  <testcase name="testAbs1" time="0.0" classname="AbsTest"/>
  <testcase name="testAbs2" time="0.0" classname="AbsTest"/>
  <testcase name="testWhiteTest" time="0.001" classname="WhiteTest"/>
  <testcase name="testWhiteTest1" time="0.0" classname="WhiteTest"/>
  <testcase name="testWhiteTest2" time="0.0" classname="WhiteTest"/>
  <testcase name="testWhiteTest3" time="0.0" classname="WhiteTest"/>
</testsuite>
