<?xml version="1.0" encoding="UTF-8" ?>
<testsuite failures="0" time="1.434" errors="0" skipped="0" tests="7" name="TestSuite">
  <properties>
[...]
</properties>
  <testcase time="0.009" classname="AbsTest" name="testAbs"/>
  <testcase time="0" classname="AbsTest" name="testAbs1"/>
  <testcase time="0" classname="AbsTest" name="testAbs2"/>
  <testcase time="0.002" classname="WhiteTest" name="testWhiteTest"/>
  <testcase time="0" classname="WhiteTest" name="testWhiteTest1"/>
  <testcase time="0.001" classname="WhiteTest" name="testWhiteTest2"/>
  <testcase time="0" classname="WhiteTest" name="testWhiteTest3"/>
</testsuite>